<?xml version="1.0" encoding="UTF-8"?>
<testsuite xmlns:xsi="http://www.w3.org/2001/XMLSchema-instance" xsi:noNamespaceSchemaLocation="https://maven.apache.org/surefire/maven-surefire-plugin/xsd/surefire-test-report-3.0.xsd" version="3.0" name="TestSuite" time="9.201" tests="40" errors="0" skipped="0" failures="0">
  <properties>
    <property name="java.specification.version" value="23"/>
    <property name="sun.cpu.isalist" value="amd64"/>
    <property name="sun.jnu.encoding" value="Cp1254"/>
    <property name="java.class.path" value="E:\Projects\ColendiTMDBAutomation\target\test-classes;E:\Projects\ColendiTMDBAutomation\target\classes;C:\Users\ferha\.m2\repository\io\rest-assured\rest-assured\5.5.0\rest-assured-5.5.0.jar;C:\Users\ferha\.m2\repository\org\apache\groovy\groovy\4.0.22\groovy-4.0.22.jar;C:\Users\ferha\.m2\repository\org\apache\groovy\groovy-xml\4.0.22\groovy-xml-4.0.22.jar;C:\Users\ferha\.m2\repository\org\apache\httpcomponents\httpclient\4.5.13\httpclient-4.5.13.jar;C:\Users\ferha\.m2\repository\org\apache\httpcomponents\httpcore\4.4.13\httpcore-4.4.13.jar;C:\Users\ferha\.m2\repository\commons-logging\commons-logging\1.2\commons-logging-1.2.jar;C:\Users\ferha\.m2\repository\commons-codec\commons-codec\1.11\commons-codec-1.11.jar;C:\Users\ferha\.m2\repository\org\apache\httpcomponents\httpmime\4.5.13\httpmime-4.5.13.jar;C:\Users\ferha\.m2\repository\org\hamcrest\hamcrest\2.2\hamcrest-2.2.jar;C:\Users\ferha\.m2\repository\org\ccil\cowan\tagsoup\tagsoup\1.2.1\tagsoup-1.2.1.jar;C:\Users\ferha\.m2\repository\io\rest-assured\json-path\5.5.0\json-path-5.5.0.jar;C:\Users\ferha\.m2\repository\org\apache\groovy\groovy-json\4.0.22\groovy-json-4.0.22.jar;C:\Users\ferha\.m2\repository\io\rest-assured\rest-assured-common\5.5.0\rest-assured-common-5.5.0.jar;C:\Users\ferha\.m2\repository\io\rest-assured\xml-path\5.5.0\xml-path-5.5.0.jar;C:\Users\ferha\.m2\repository\org\apache\commons\commons-lang3\3.11\commons-lang3-3.11.jar;C:\Users\ferha\.m2\repository\org\json\json\20240303\json-20240303.jar;C:\Users\ferha\.m2\repository\com\google\code\gson\gson\2.11.0\gson-2.11.0.jar;C:\Users\ferha\.m2\repository\com\google\errorprone\error_prone_annotations\2.27.0\error_prone_annotations-2.27.0.jar;C:\Users\ferha\.m2\repository\org\testng\testng\7.8.0\testng-7.8.0.jar;C:\Users\ferha\.m2\repository\org\slf4j\slf4j-api\1.7.36\slf4j-api-1.7.36.jar;C:\Users\ferha\.m2\repository\com\beust\jcommander\1.82\jcommander-1.82.jar;C:\Users\ferha\.m2\repository\org\webjars\jquery\3.6.1\jquery-3.6.1.jar;C:\Users\ferha\.m2\repository\org\testng\reportng\1.2.2\reportng-1.2.2.jar;C:\Users\ferha\.m2\repository\org\freemarker\freemarker\2.3.28\freemarker-2.3.28.jar;C:\Users\ferha\.m2\repository\com\google\inject\guice\4.2.0\guice-4.2.0.jar;C:\Users\ferha\.m2\repository\javax\inject\javax.inject\1\javax.inject-1.jar;C:\Users\ferha\.m2\repository\aopalliance\aopalliance\1.0\aopalliance-1.0.jar;C:\Users\ferha\.m2\repository\com\google\guava\guava\23.6-android\guava-23.6-android.jar;C:\Users\ferha\.m2\repository\com\google\code\findbugs\jsr305\1.3.9\jsr305-1.3.9.jar;C:\Users\ferha\.m2\repository\org\checkerframework\checker-compat-qual\2.0.0\checker-compat-qual-2.0.0.jar;C:\Users\ferha\.m2\repository\com\google\j2objc\j2objc-annotations\1.1\j2objc-annotations-1.1.jar;C:\Users\ferha\.m2\repository\org\codehaus\mojo\animal-sniffer-annotations\1.14\animal-sniffer-annotations-1.14.jar;"/>
    <property name="java.vm.vendor" value="Oracle Corporation"/>
    <property name="sun.arch.data.model" value="64"/>
    <property name="user.variant" value=""/>
    <property name="java.vendor.url" value="https://java.oracle.com/"/>
    <property name="user.timezone" value="Europe/Istanbul"/>
    <property name="os.name" value="Windows 11"/>
    <property name="java.vm.specification.version" value="23"/>
    <property name="sun.java.launcher" value="SUN_STANDARD"/>
    <property name="user.country" value="TR"/>
    <property name="sun.boot.library.path" value="C:\Program Files\Java\jdk-23\bin"/>
    <property name="sun.java.command" value="C:\Users\ferha\AppData\Local\Temp\surefire6487948059434770503\surefirebooter-20241229174444607_3.jar C:\Users\ferha\AppData\Local\Temp\surefire6487948059434770503 2024-12-29T17-44-44_511-jvmRun1 surefire-20241229174444607_1tmp surefire_0-20241229174444607_2tmp"/>
    <property name="jdk.debug" value="release"/>
    <property name="surefire.test.class.path" value="E:\Projects\ColendiTMDBAutomation\target\test-classes;E:\Projects\ColendiTMDBAutomation\target\classes;C:\Users\ferha\.m2\repository\io\rest-assured\rest-assured\5.5.0\rest-assured-5.5.0.jar;C:\Users\ferha\.m2\repository\org\apache\groovy\groovy\4.0.22\groovy-4.0.22.jar;C:\Users\ferha\.m2\repository\org\apache\groovy\groovy-xml\4.0.22\groovy-xml-4.0.22.jar;C:\Users\ferha\.m2\repository\org\apache\httpcomponents\httpclient\4.5.13\httpclient-4.5.13.jar;C:\Users\ferha\.m2\repository\org\apache\httpcomponents\httpcore\4.4.13\httpcore-4.4.13.jar;C:\Users\ferha\.m2\repository\commons-logging\commons-logging\1.2\commons-logging-1.2.jar;C:\Users\ferha\.m2\repository\commons-codec\commons-codec\1.11\commons-codec-1.11.jar;C:\Users\ferha\.m2\repository\org\apache\httpcomponents\httpmime\4.5.13\httpmime-4.5.13.jar;C:\Users\ferha\.m2\repository\org\hamcrest\hamcrest\2.2\hamcrest-2.2.jar;C:\Users\ferha\.m2\repository\org\ccil\cowan\tagsoup\tagsoup\1.2.1\tagsoup-1.2.1.jar;C:\Users\ferha\.m2\repository\io\rest-assured\json-path\5.5.0\json-path-5.5.0.jar;C:\Users\ferha\.m2\repository\org\apache\groovy\groovy-json\4.0.22\groovy-json-4.0.22.jar;C:\Users\ferha\.m2\repository\io\rest-assured\rest-assured-common\5.5.0\rest-assured-common-5.5.0.jar;C:\Users\ferha\.m2\repository\io\rest-assured\xml-path\5.5.0\xml-path-5.5.0.jar;C:\Users\ferha\.m2\repository\org\apache\commons\commons-lang3\3.11\commons-lang3-3.11.jar;C:\Users\ferha\.m2\repository\org\json\json\20240303\json-20240303.jar;C:\Users\ferha\.m2\repository\com\google\code\gson\gson\2.11.0\gson-2.11.0.jar;C:\Users\ferha\.m2\repository\com\google\errorprone\error_prone_annotations\2.27.0\error_prone_annotations-2.27.0.jar;C:\Users\ferha\.m2\repository\org\testng\testng\7.8.0\testng-7.8.0.jar;C:\Users\ferha\.m2\repository\org\slf4j\slf4j-api\1.7.36\slf4j-api-1.7.36.jar;C:\Users\ferha\.m2\repository\com\beust\jcommander\1.82\jcommander-1.82.jar;C:\Users\ferha\.m2\repository\org\webjars\jquery\3.6.1\jquery-3.6.1.jar;C:\Users\ferha\.m2\repository\org\testng\reportng\1.2.2\reportng-1.2.2.jar;C:\Users\ferha\.m2\repository\org\freemarker\freemarker\2.3.28\freemarker-2.3.28.jar;C:\Users\ferha\.m2\repository\com\google\inject\guice\4.2.0\guice-4.2.0.jar;C:\Users\ferha\.m2\repository\javax\inject\javax.inject\1\javax.inject-1.jar;C:\Users\ferha\.m2\repository\aopalliance\aopalliance\1.0\aopalliance-1.0.jar;C:\Users\ferha\.m2\repository\com\google\guava\guava\23.6-android\guava-23.6-android.jar;C:\Users\ferha\.m2\repository\com\google\code\findbugs\jsr305\1.3.9\jsr305-1.3.9.jar;C:\Users\ferha\.m2\repository\org\checkerframework\checker-compat-qual\2.0.0\checker-compat-qual-2.0.0.jar;C:\Users\ferha\.m2\repository\com\google\j2objc\j2objc-annotations\1.1\j2objc-annotations-1.1.jar;C:\Users\ferha\.m2\repository\org\codehaus\mojo\animal-sniffer-annotations\1.14\animal-sniffer-annotations-1.14.jar;"/>
    <property name="sun.cpu.endian" value="little"/>
    <property name="user.home" value="C:\Users\ferha"/>
    <property name="user.language" value="en"/>
    <property name="java.specification.vendor" value="Oracle Corporation"/>
    <property name="java.version.date" value="2024-10-15"/>
    <property name="java.home" value="C:\Program Files\Java\jdk-23"/>
    <property name="file.separator" value="\"/>
    <property name="basedir" value="E:\Projects\ColendiTMDBAutomation"/>
    <property name="java.vm.compressedOopsMode" value="Zero based"/>
    <property name="line.separator" value="&#10;"/>
    <property name="java.vm.specification.vendor" value="Oracle Corporation"/>
    <property name="java.specification.name" value="Java Platform API Specification"/>
    <property name="surefire.real.class.path" value="C:\Users\ferha\AppData\Local\Temp\surefire6487948059434770503\surefirebooter-20241229174444607_3.jar"/>
    <property name="user.script" value=""/>
    <property name="sun.management.compiler" value="HotSpot 64-Bit Tiered Compilers"/>
    <property name="java.runtime.version" value="23.0.1+11-39"/>
    <property name="user.name" value="ferha"/>
    <property name="stdout.encoding" value="Cp1254"/>
    <property name="path.separator" value=";"/>
    <property name="os.version" value="10.0"/>
    <property name="java.runtime.name" value="Java(TM) SE Runtime Environment"/>
    <property name="file.encoding" value="UTF-8"/>
    <property name="java.vm.name" value="Java HotSpot(TM) 64-Bit Server VM"/>
    <property name="localRepository" value="C:\Users\ferha\.m2\repository"/>
    <property name="java.vendor.url.bug" value="https://bugreport.java.com/bugreport/"/>
    <property name="java.io.tmpdir" value="C:\Users\ferha\AppData\Local\Temp\"/>
    <property name="java.version" value="23.0.1"/>
    <property name="user.dir" value="E:\Projects\ColendiTMDBAutomation"/>
    <property name="os.arch" value="amd64"/>
    <property name="java.vm.specification.name" value="Java Virtual Machine Specification"/>
    <property name="sun.os.patch.level" value=""/>
    <property name="native.encoding" value="Cp1254"/>
    <property name="java.library.path" value="C:\Program Files\Java\jdk-23\bin;C:\WINDOWS\Sun\Java\bin;C:\WINDOWS\system32;C:\WINDOWS;C:\Program Files\Common Files\Oracle\Java\javapath;C:\WINDOWS\system32;C:\WINDOWS;C:\WINDOWS\System32\Wbem;C:\WINDOWS\System32\WindowsPowerShell\v1.0\;C:\WINDOWS\System32\OpenSSH\;C:\Program Files (x86)\NVIDIA Corporation\PhysX\Common;C:\Program Files\dotnet\;C:\Program Files\NVIDIA Corporation\NVIDIA app\NvDLISR;C:\Program Files\Java\jdk-23;C:\Program Files\Java\jdk-23\bin;C:\Program Files\Git\cmd;E:\Maven\apache-maven-3.9.9\bin;C:\Users\ferha\AppData\Local\Microsoft\WindowsApps;C:\Users\ferha\.dotnet\tools;E:\IntelliJ\IntelliJ IDEA 2024.3.1\bin;;E:\Microsoft VS Code\bin;C:\Program Files\Java\jdk-23;C:\Program Files\Java\jdk-23\bin;E:\Maven\apache-maven-3.9.9\bin;;."/>
    <property name="java.vm.info" value="mixed mode, sharing"/>
    <property name="stderr.encoding" value="Cp1254"/>
    <property name="java.vendor" value="Oracle Corporation"/>
    <property name="java.vm.version" value="23.0.1+11-39"/>
    <property name="sun.io.unicode.encoding" value="UnicodeLittle"/>
    <property name="java.class.version" value="67.0"/>
  </properties>
  <testcase name="authenticationSuccess" classname="testcases.AuthenticationManagement" time="1.696">
    <system-err><![CDATA[SLF4J: Failed to load class "org.slf4j.impl.StaticLoggerBinder".
SLF4J: Defaulting to no-operation (NOP) logger implementation
SLF4J: See http://www.slf4j.org/codes.html#StaticLoggerBinder for further details.
]]></system-err>
  </testcase>
  <testcase name="favoriteMovies" classname="testcases.AuthenticationManagement" time="0.23"/>
  <testcase name="lists" classname="testcases.AuthenticationManagement" time="0.188"/>
  <testcase name="ratedMovies" classname="testcases.AuthenticationManagement" time="0.19"/>
  <testcase name="movieDetails" classname="testcases.MoviesAPITesting" time="0.071"/>
  <testcase name="retrievePopularMovies" classname="testcases.MoviesAPITesting" time="0.091"/>
  <testcase name="popularTVShows" classname="testcases.TVShowsAPITesting" time="0.074"/>
  <testcase name="trendingTVShowsWeekly" classname="testcases.TVShowsAPITesting" time="0.453"/>
  <testcase name="tvShowDetails" classname="testcases.TVShowsAPITesting" time="0.203"/>
  <testcase name="movieDetails" classname="testcases.PersonAPITesting" time="0.057"/>
  <testcase name="popularPeople" classname="testcases.PersonAPITesting" time="0.075"/>
  <testcase name="createList" classname="testcases.UserListsAndFavorites" time="0.289">
    <system-out><![CDATA[Created List ID: 8503958
]]></system-out>
  </testcase>
  <testcase name="addItemToList" classname="testcases.UserListsAndFavorites" time="0.204"/>
  <testcase name="checkList" classname="testcases.UserListsAndFavorites" time="0.179"/>
  <testcase name="removeItemFromList" classname="testcases.UserListsAndFavorites" time="0.323"/>
  <testcase name="deleteList" classname="testcases.UserListsAndFavorites" time="0.208"/>
  <testcase name="addMovieToFavoriteList" classname="testcases.UserListsAndFavorites" time="0.206"/>
  <testcase name="addMovieToWatchList" classname="testcases.UserListsAndFavorites" time="0.219"/>
  <testcase name="addTvToFavoriteList" classname="testcases.UserListsAndFavorites" time="0.242"/>
  <testcase name="addTvToWatchList" classname="testcases.UserListsAndFavorites" time="0.21"/>
  <testcase name="favoriteMovie" classname="testcases.UserListsAndFavorites" time="0.185"/>
  <testcase name="favoriteTv" classname="testcases.UserListsAndFavorites" time="0.178"/>
  <testcase name="watchlistMovie" classname="testcases.UserListsAndFavorites" time="0.181"/>
  <testcase name="watchlistTv" classname="testcases.UserListsAndFavorites" time="0.178"/>
  <testcase name="removeMovieFromFavoriteList" classname="testcases.UserListsAndFavorites" time="0.193"/>
  <testcase name="removeMovieFromWatchList" classname="testcases.UserListsAndFavorites" time="0.227"/>
  <testcase name="removeTvFromFavoriteList" classname="testcases.UserListsAndFavorites" time="0.197"/>
  <testcase name="removeTvFromWatchList" classname="testcases.UserListsAndFavorites" time="0.201"/>
  <testcase name="searchCollection" classname="testcases.SearchFunctionalityTesting" time="0.045"/>
  <testcase name="searchKeyword" classname="testcases.SearchFunctionalityTesting" time="0.038"/>
  <testcase name="searchMovies" classname="testcases.SearchFunctionalityTesting" time="0.041"/>
  <testcase name="searchPerson" classname="testcases.SearchFunctionalityTesting" time="0.111"/>
  <testcase name="searchTV" classname="testcases.SearchFunctionalityTesting" time="0.066"/>
  <testcase name="addFavoriteWithInvalidParameter" classname="testcases.ErrorHandlingCases" time="0.185"/>
  <testcase name="addItemToListWithInvalidParameters" classname="testcases.ErrorHandlingCases" time="0.187"/>
  <testcase name="authenticationEmpty" classname="testcases.ErrorHandlingCases" time="0.168"/>
  <testcase name="authenticationInvalidToken" classname="testcases.ErrorHandlingCases" time="0.168"/>
  <testcase name="createListWithInvalidSessionId" classname="testcases.ErrorHandlingCases" time="0.175"/>
  <testcase name="invalidMovieId" classname="testcases.ErrorHandlingCases" time="0.171"/>
  <testcase name="trendingWithWrongTimeline" classname="testcases.ErrorHandlingCases" time="0.176"/>
</testsuite>