<?xml version="1.0" encoding="UTF-8"?>
<!-- Generated by org.testng.reporters.JUnitReportReporter -->
<testsuite hostname="DESKTOP-JJFTFGR" failures="0" tests="4" name="testcases.AuthenticationManagement" time="2.305" errors="0" timestamp="2024-12-29T17:44:54 GMT+03:00" skipped="0">
  <testcase classname="testcases.AuthenticationManagement" name="ratedMovies" time="0.190"/>
  <testcase classname="testcases.AuthenticationManagement" name="lists" time="0.188"/>
  <testcase classname="testcases.AuthenticationManagement" name="favoriteMovies" time="0.232"/>
  <testcase classname="testcases.AuthenticationManagement" name="authenticationSuccess" time="1.695"/>
</testsuite> <!-- testcases.AuthenticationManagement -->
