<?xml version="1.0" encoding="UTF-8"?>
<!-- Generated by org.testng.reporters.JUnitReportReporter -->
<testsuite hostname="DESKTOP-JJFTFGR" failures="0" tests="5" name="testcases.SearchFunctionalityTesting" time="0.302" errors="0" timestamp="2024-12-29T17:44:54 GMT+03:00" skipped="0">
  <testcase classname="testcases.SearchFunctionalityTesting" name="searchKeyword" time="0.038"/>
  <testcase classname="testcases.SearchFunctionalityTesting" name="searchPerson" time="0.111"/>
  <testcase classname="testcases.SearchFunctionalityTesting" name="searchCollection" time="0.045"/>
  <testcase classname="testcases.SearchFunctionalityTesting" name="searchMovies" time="0.043"/>
  <testcase classname="testcases.SearchFunctionalityTesting" name="searchTV" time="0.065"/>
</testsuite> <!-- testcases.SearchFunctionalityTesting -->
