<?xml version="1.0" encoding="UTF-8"?>
<!-- Generated by org.testng.reporters.JUnitReportReporter -->
<testsuite hostname="DESKTOP-JJFTFGR" failures="0" tests="2" name="testcases.PersonAPITesting" time="0.132" errors="0" timestamp="2024-12-29T17:44:54 GMT+03:00" skipped="0">
  <testcase classname="testcases.PersonAPITesting" name="movieDetails" time="0.057"/>
  <testcase classname="testcases.PersonAPITesting" name="popularPeople" time="0.075"/>
</testsuite> <!-- testcases.PersonAPITesting -->
