<?xml version="1.0" encoding="UTF-8"?>
<!-- Generated by org.testng.reporters.JUnitReportReporter -->
<testsuite hostname="DESKTOP-JJFTFGR" failures="0" tests="2" name="testcases.MoviesAPITesting" time="0.160" errors="0" timestamp="2024-12-29T17:44:54 GMT+03:00" skipped="0">
  <testcase classname="testcases.MoviesAPITesting" name="retrievePopularMovies" time="0.090"/>
  <testcase classname="testcases.MoviesAPITesting" name="movieDetails" time="0.070"/>
</testsuite> <!-- testcases.MoviesAPITesting -->
