<?xml version="1.0" encoding="UTF-8"?>
<!-- Generated by org.testng.reporters.JUnitReportReporter -->
<testsuite hostname="DESKTOP-JJFTFGR" failures="0" tests="3" name="testcases.TVShowsAPITesting" time="0.729" errors="0" timestamp="2024-12-29T17:44:54 GMT+03:00" skipped="0">
  <testcase classname="testcases.TVShowsAPITesting" name="popularTVShows" time="0.073"/>
  <testcase classname="testcases.TVShowsAPITesting" name="tvShowDetails" time="0.203"/>
  <testcase classname="testcases.TVShowsAPITesting" name="trendingTVShowsWeekly" time="0.453"/>
</testsuite> <!-- testcases.TVShowsAPITesting -->
