<?xml version="1.0" encoding="UTF-8"?>
<!-- Generated by org.testng.reporters.JUnitReportReporter -->
<testsuite hostname="DESKTOP-JJFTFGR" failures="0" tests="7" name="testcases.ErrorHandlingCases" time="1.228" errors="0" timestamp="2024-12-29T17:44:54 GMT+03:00" skipped="0">
  <testcase classname="testcases.ErrorHandlingCases" name="invalidMovieId" time="0.171"/>
  <testcase classname="testcases.ErrorHandlingCases" name="trendingWithWrongTimeline" time="0.176"/>
  <testcase classname="testcases.ErrorHandlingCases" name="authenticationEmpty" time="0.169"/>
  <testcase classname="testcases.ErrorHandlingCases" name="addFavoriteWithInvalidParameter" time="0.184"/>
  <testcase classname="testcases.ErrorHandlingCases" name="authenticationInvalidToken" time="0.167"/>
  <testcase classname="testcases.ErrorHandlingCases" name="addItemToListWithInvalidParameters" time="0.187"/>
  <testcase classname="testcases.ErrorHandlingCases" name="createListWithInvalidSessionId" time="0.174"/>
</testsuite> <!-- testcases.ErrorHandlingCases -->
