<?xml version="1.0" encoding="UTF-8"?>
<!-- Generated by org.testng.reporters.JUnitReportReporter -->
<testsuite hostname="DESKTOP-JJFTFGR" failures="0" tests="3" name="testcases.TVShowsAPITesting" time="0.196" errors="0" timestamp="2024-12-29T17:45:28 GMT+03:00" skipped="0">
  <testcase classname="testcases.TVShowsAPITesting" name="tvShowDetails" time="0.065"/>
  <testcase classname="testcases.TVShowsAPITesting" name="popularTVShows" time="0.074"/>
  <testcase classname="testcases.TVShowsAPITesting" name="trendingTVShowsWeekly" time="0.057"/>
</testsuite> <!-- testcases.TVShowsAPITesting -->
