<?xml version="1.0" encoding="UTF-8"?>
<!-- Generated by org.testng.reporters.JUnitReportReporter -->
<testsuite hostname="DESKTOP-JJFTFGR" failures="0" tests="5" name="testcases.SearchFunctionalityTesting" time="0.242" errors="0" timestamp="2024-12-29T17:45:28 GMT+03:00" skipped="0">
  <testcase classname="testcases.SearchFunctionalityTesting" name="searchKeyword" time="0.041"/>
  <testcase classname="testcases.SearchFunctionalityTesting" name="searchPerson" time="0.072"/>
  <testcase classname="testcases.SearchFunctionalityTesting" name="searchCollection" time="0.048"/>
  <testcase classname="testcases.SearchFunctionalityTesting" name="searchTV" time="0.042"/>
  <testcase classname="testcases.SearchFunctionalityTesting" name="searchMovies" time="0.039"/>
</testsuite> <!-- testcases.SearchFunctionalityTesting -->
