<?xml version="1.0" encoding="UTF-8"?>
<!-- Generated by org.testng.reporters.JUnitReportReporter -->
<testsuite hostname="DESKTOP-JJFTFGR" failures="0" tests="17" name="testcases.UserListsAndFavorites" time="3.446" errors="0" timestamp="2024-12-29T17:45:28 GMT+03:00" skipped="0">
  <testcase classname="testcases.UserListsAndFavorites" name="createList" time="0.315"/>
  <testcase classname="testcases.UserListsAndFavorites" name="addItemToList" time="0.209"/>
  <testcase classname="testcases.UserListsAndFavorites" name="checkList" time="0.176"/>
  <testcase classname="testcases.UserListsAndFavorites" name="removeItemFromList" time="0.201"/>
  <testcase classname="testcases.UserListsAndFavorites" name="deleteList" time="0.184"/>
  <testcase classname="testcases.UserListsAndFavorites" name="addMovieToWatchList" time="0.210"/>
  <testcase classname="testcases.UserListsAndFavorites" name="addTvToFavoriteList" time="0.228"/>
  <testcase classname="testcases.UserListsAndFavorites" name="addMovieToFavoriteList" time="0.204"/>
  <testcase classname="testcases.UserListsAndFavorites" name="addTvToWatchList" time="0.199"/>
  <testcase classname="testcases.UserListsAndFavorites" name="watchlistTv" time="0.178"/>
  <testcase classname="testcases.UserListsAndFavorites" name="favoriteTv" time="0.182"/>
  <testcase classname="testcases.UserListsAndFavorites" name="favoriteMovie" time="0.182"/>
  <testcase classname="testcases.UserListsAndFavorites" name="watchlistMovie" time="0.176"/>
  <testcase classname="testcases.UserListsAndFavorites" name="removeMovieFromWatchList" time="0.194"/>
  <testcase classname="testcases.UserListsAndFavorites" name="removeMovieFromFavoriteList" time="0.194"/>
  <testcase classname="testcases.UserListsAndFavorites" name="removeTvFromWatchList" time="0.211"/>
  <testcase classname="testcases.UserListsAndFavorites" name="removeTvFromFavoriteList" time="0.203"/>
</testsuite> <!-- testcases.UserListsAndFavorites -->
